<?xml version="1.0" encoding="UTF-8"?>
<testsuite name="PopularTest" tests="3" skipped="0" failures="0" errors="0" timestamp="2022-09-19T11:12:07" hostname="vlan-2662-10-19-250-126.student.wireless.sydney.edu.au" time="0.017">
  <properties/>
  <testcase name="PopCWriterCatchErrorTest1()" classname="PopularTest" time="0.002"/>
  <testcase name="PopularTest1()" classname="PopularTest" time="0.004"/>
  <testcase name="PopCWriter2()" classname="PopularTest" time="0.01"/>
  <system-out><![CDATA[AUD
SGD
US
EU
]]></system-out>
  <system-err><![CDATA[]]></system-err>
</testsuite>
