<?xml version="1.0" encoding="UTF-8"?>
<testsuite name="RateWritertest" tests="3" skipped="0" failures="0" errors="0" timestamp="2022-09-19T11:12:07" hostname="vlan-2662-10-19-250-126.student.wireless.sydney.edu.au" time="0.005">
  <properties/>
  <testcase name="RateWriterCatch1()" classname="RateWritertest" time="0.001"/>
  <testcase name="RateWriterCatch2()" classname="RateWritertest" time="0.0"/>
  <testcase name="RateWriter1()" classname="RateWritertest" time="0.002"/>
  <system-out><![CDATA[]]></system-out>
  <system-err><![CDATA[]]></system-err>
</testsuite>
