<?xml version="1.0" encoding="UTF-8"?>
<testsuite name="RateEditerTest" tests="6" skipped="0" failures="0" errors="0" timestamp="2022-09-19T11:12:07" hostname="vlan-2662-10-19-250-126.student.wireless.sydney.edu.au" time="0.011">
  <properties/>
  <testcase name="RateEditertest1()" classname="RateEditerTest" time="0.002"/>
  <testcase name="RateEditertest2()" classname="RateEditerTest" time="0.003"/>
  <testcase name="RateEditertest3()" classname="RateEditerTest" time="0.001"/>
  <testcase name="RateEditertest4()" classname="RateEditerTest" time="0.001"/>
  <testcase name="RateEditertest5()" classname="RateEditerTest" time="0.001"/>
  <testcase name="RateEditertest6()" classname="RateEditerTest" time="0.001"/>
  <system-out><![CDATA[]]></system-out>
  <system-err><![CDATA[]]></system-err>
</testsuite>
